🎬 BATCH 7 VIDEO GENERATION WORKFLOW
==================================================
⚠️  Prompt with ID 425 not found
⚠️  Prompt with ID 426 not found
⚠️  Prompt with ID 428 not found
⚠️  Prompt with ID 429 not found
⚠️  Prompt with ID 430 not found
⚠️  Prompt with ID 432 not found
⚠️  Prompt with ID 433 not found
⚠️  Prompt with ID 434 not found
⚠️  Prompt with ID 435 not found
⚠️  Prompt with ID 438 not found
⚠️  Prompt with ID 439 not found
⚠️  Prompt with ID 440 not found
⚠️  Prompt with ID 441 not found
⚠️  Prompt with ID 442 not found
⚠️  Prompt with ID 443 not found
⚠️  Prompt with ID 447 not found
⚠️  Prompt with ID 448 not found
⚠️  Prompt with ID 449 not found
⚠️  Prompt with ID 451 not found
⚠️  Prompt with ID 452 not found
⚠️  Prompt with ID 453 not found
⚠️  Prompt with ID 456 not found
⚠️  Prompt with ID 457 not found

📊 BATCH GENERATION SUMMARY
=======================================================
✅ Successful: 0 videos
❌ Failed: 0 videos
📋 Total: 23 videos
⏰ Total time: 0.0 minutes
💰 Estimated cost: $0.00 (fast mode)

🎉 0 videos generated successfully!
📁 Check: /public/videos/ directory

✅ Batch generation completed! 0/23 videos successful.
