🎬 Starting batch generation for 30 highest-priority videos...

🎬 BATCH VIDEO GENERATION 6 - FEATURED CONTENT FOCUS
=======================================================
📋 Generating 30 videos (featured 5-star first)
⏰ Started: 07/13/2025, 11:08:02 AM

📊 Generation Queue (by priority):


🎬 BATCH 6 VIDEO GENERATION WORKFLOW
==================================================
⚠️  Prompt with ID 406 not found
⚠️  Prompt with ID 408 not found
⚠️  Prompt with ID 409 not found
⚠️  Prompt with ID 411 not found
⚠️  Prompt with ID 412 not found
⚠️  Prompt with ID 415 not found
⚠️  Prompt with ID 416 not found
⚠️  Prompt with ID 417 not found
⚠️  Prompt with ID 419 not found
⚠️  Prompt with ID 422 not found
⚠️  Prompt with ID 423 not found
⚠️  Prompt with ID 431 not found
⚠️  Prompt with ID 437 not found
⚠️  Prompt with ID 444 not found
⚠️  Prompt with ID 446 not found
⚠️  Prompt with ID 450 not found
⚠️  Prompt with ID 202 not found
⚠️  Prompt with ID 454 not found
⚠️  Prompt with ID 455 not found
⚠️  Prompt with ID 464 not found
⚠️  Prompt with ID 465 not found
⚠️  Prompt with ID 204 not found
⚠️  Prompt with ID 407 not found
⚠️  Prompt with ID 410 not found
⚠️  Prompt with ID 413 not found
⚠️  Prompt with ID 414 not found
⚠️  Prompt with ID 418 not found
⚠️  Prompt with ID 420 not found
⚠️  Prompt with ID 421 not found
⚠️  Prompt with ID 424 not found

📊 BATCH GENERATION SUMMARY
=======================================================
✅ Successful: 0 videos
❌ Failed: 0 videos
📋 Total: 30 videos
⏰ Total time: 0.0 minutes
💰 Estimated cost: $0.00 (fast mode)

🎉 0 videos generated successfully!
📁 Check: /public/videos/ directory

✅ Batch generation completed! 0/30 videos successful.
